<?xml version="1.0" encoding="UTF-8"?>
<testng-results skipped="0" failed="0" ignored="0" total="3" passed="3">
  <reporter-output>
  </reporter-output>
  <suite name="Default suite" duration-ms="23689" started-at="2019-02-09T03:10:14Z" finished-at="2019-02-09T03:10:38Z">
    <groups>
    </groups>
    <test name="Default test" duration-ms="23689" started-at="2019-02-09T03:10:14Z" finished-at="2019-02-09T03:10:38Z">
      <class name="com.rally.automation.ReportPageTest">
        <test-method status="PASS" signature="setUp()[pri:0, instance:com.rally.automation.ReportPageTest@47c62251]" name="setUp" is-config="true" duration-ms="7321" started-at="2019-02-09T03:10:14Z" finished-at="2019-02-09T03:10:22Z">
          <reporter-output>
          </reporter-output>
        </test-method> <!-- setUp -->
        <test-method status="PASS" signature="isMenubuttonClicked()[pri:1, instance:com.rally.automation.ReportPageTest@47c62251]" name="isMenubuttonClicked" duration-ms="1259" started-at="2019-02-09T03:10:22Z" finished-at="2019-02-09T03:10:23Z">
          <reporter-output>
          </reporter-output>
        </test-method> <!-- isMenubuttonClicked -->
        <test-method status="PASS" signature="verifyReportbuttonIsclicked()[pri:2, instance:com.rally.automation.ReportPageTest@47c62251]" name="verifyReportbuttonIsclicked" duration-ms="2623" started-at="2019-02-09T03:10:23Z" finished-at="2019-02-09T03:10:26Z">
          <reporter-output>
          </reporter-output>
        </test-method> <!-- verifyReportbuttonIsclicked -->
        <test-method status="PASS" signature="isAddButtonDisplayed()[pri:3, instance:com.rally.automation.ReportPageTest@47c62251]" name="isAddButtonDisplayed" duration-ms="10124" started-at="2019-02-09T03:10:26Z" finished-at="2019-02-09T03:10:36Z">
          <reporter-output>
          </reporter-output>
        </test-method> <!-- isAddButtonDisplayed -->
        <test-method status="PASS" signature="shutDownPage()[pri:0, instance:com.rally.automation.ReportPageTest@47c62251]" name="shutDownPage" is-config="true" duration-ms="2328" started-at="2019-02-09T03:10:36Z" finished-at="2019-02-09T03:10:38Z">
          <reporter-output>
          </reporter-output>
        </test-method> <!-- shutDownPage -->
      </class> <!-- com.rally.automation.ReportPageTest -->
    </test> <!-- Default test -->
  </suite> <!-- Default suite -->
</testng-results>
